<?xml version="1.0" encoding="UTF-8"?>
<!-- Generated by org.testng.reporters.JUnitXMLReporter -->
<testsuite ignored="0" hostname="DESKTOP-0TIV48S" failures="0" tests="9" name="Reports" time="76.834" errors="0" timestamp="2023-08-18T10:24:54 IST">
  <testcase classname="mouli_frame.August12_2" name="cbanking" time="1.737"/>
  <testcase classname="mouli_frame.August12_2" name="ibanking" time="0.612"/>
  <testcase classname="mouli_frame.August12_2" name="pbanking" time="1.344"/>
  <testcase classname="mouli_frame.SecondtestNG" name="Addition" time="1.357"/>
  <testcase classname="mouli_frame.SecondtestNG" name="division" time="0.757"/>
  <testcase classname="mouli_frame.SecondtestNG" name="multiplication" time="0.875"/>
  <testcase classname="mouli_frame.Thirdtestng" name="clickadmin" time="1.108"/>
  <testcase classname="mouli_frame.Thirdtestng" name="clickleave" time="1.185"/>
  <testcase classname="mouli_frame.Thirdtestng" name="clickpim" time="2.169"/>
</testsuite> <!-- Reports -->
