<?xml version="1.0" encoding="UTF-8"?>
<!-- Generated by org.testng.reporters.JUnitXMLReporter -->
<testsuite ignored="0" hostname="DESKTOP-0TIV48S" failures="0" tests="5" name="chrome test" time="64.349" errors="0" timestamp="2023-08-18T12:55:01 IST">
  <testcase classname="August16.Cross" name="verify_login" time="23.306"/>
  <testcase classname="August16.Cross" name="verify_login" time="2.876"/>
  <testcase classname="August16.Cross" name="verify_login" time="1.534"/>
  <testcase classname="August16.Cross" name="verify_login" time="1.651"/>
  <testcase classname="August16.Cross" name="verify_login" time="2.253"/>
</testsuite> <!-- chrome test -->
