<?xml version="1.0" encoding="UTF-8"?>
<!-- Generated by org.testng.reporters.JUnitXMLReporter -->
<testsuite ignored="0" hostname="DESKTOP-0TIV48S" failures="0" tests="5" name="firefox test" time="30.763" errors="0" timestamp="2023-08-18T12:23:42 IST">
  <testcase classname="august16_1.aug16CrossBrowserTesting" name="verify_login" time="0.0">
    <skipped/>
  </testcase> <!-- verify_login -->
  <testcase classname="august16_1.aug16CrossBrowserTesting" name="verify_login" time="0.0">
    <skipped/>
  </testcase> <!-- verify_login -->
  <testcase classname="august16_1.aug16CrossBrowserTesting" name="verify_login" time="0.0">
    <skipped/>
  </testcase> <!-- verify_login -->
  <testcase classname="august16_1.aug16CrossBrowserTesting" name="verify_login" time="0.004">
    <skipped/>
  </testcase> <!-- verify_login -->
  <testcase classname="august16_1.aug16CrossBrowserTesting" name="verify_login" time="0.0">
    <skipped/>
  </testcase> <!-- verify_login -->
</testsuite> <!-- firefox test -->
