<?xml version="1.0" encoding="UTF-8"?>
<!-- Generated by org.testng.reporters.JUnitXMLReporter -->
<testsuite ignored="0" hostname="DESKTOP-0TIV48S" failures="0" tests="3" name="Test3" time="35.023" errors="0" timestamp="2023-08-16T18:35:58 IST">
  <testcase classname="mouli_frame.SecondtestNG" name="Addition" time="0.899"/>
  <testcase classname="mouli_frame.SecondtestNG" name="division" time="0.786"/>
  <testcase classname="mouli_frame.SecondtestNG" name="multiplication" time="0.942"/>
</testsuite> <!-- Test3 -->
