<?xml version="1.0" encoding="UTF-8"?>
<!-- Generated by org.testng.reporters.JUnitXMLReporter -->
<testsuite ignored="0" hostname="DESKTOP-0TIV48S" failures="0" tests="6" name="Test2" time="98.945" errors="0" timestamp="2023-08-16T18:35:22 IST">
  <testcase classname="mouli_frame.August12_2" name="cbanking" time="1.288"/>
  <testcase classname="mouli_frame.August12_2" name="ibanking" time="0.913"/>
  <testcase classname="mouli_frame.August12_2" name="pbanking" time="1.811"/>
  <testcase classname="mouli_frame.SecondtestNG" name="Addition" time="1.866"/>
  <testcase classname="mouli_frame.SecondtestNG" name="division" time="1.014"/>
  <testcase classname="mouli_frame.SecondtestNG" name="multiplication" time="1.093"/>
</testsuite> <!-- Test2 -->
