<?xml version="1.0" encoding="UTF-8"?>
<!-- Generated by org.testng.reporters.JUnitXMLReporter -->
<testsuite ignored="0" hostname="DESKTOP-0TIV48S" failures="0" tests="3" name="Test1" time="5.749" errors="0" timestamp="2023-08-16T18:33:43 IST">
  <testcase classname="mouli_frame.Thirdtestng" name="clickadmin" time="1.77"/>
  <testcase classname="mouli_frame.Thirdtestng" name="clickleave" time="2.195"/>
  <testcase classname="mouli_frame.Thirdtestng" name="clickpim" time="1.59"/>
</testsuite> <!-- Test1 -->
